app/build/outputs/apk/manifest-merger-debug-report.txt
-- Merging decision tree log ---
manifest
ADDED from AndroidManifest.xml:2:1
	xmlns:android
		ADDED from AndroidManifest.xml:2:11
	package
		ADDED from AndroidManifest.xml:3:5
		INJECTED from AndroidManifest.xml:0:0
		INJECTED from AndroidManifest.xml:0:0
	android:versionName
		ADDED from AndroidManifest.xml:5:5
	android:versionCode
		ADDED from AndroidManifest.xml:4:5
		INJECTED from AndroidManifest.xml:0:0
		INJECTED from AndroidManifest.xml:0:0
uses-sdk
ADDED from AndroidManifest.xml:8:5
MERGED from com.android.support:appcompat-v7:19.1.0:18:5
	android:targetSdkVersion
		ADDED from AndroidManifest.xml:10:9
		INJECTED from AndroidManifest.xml:0:0
		INJECTED from AndroidManifest.xml:0:0
	android:minSdkVersion
		ADDED from AndroidManifest.xml:9:9
		INJECTED from AndroidManifest.xml:0:0
		INJECTED from AndroidManifest.xml:0:0
uses-permission#android.permission.INTERNET
ADDED from AndroidManifest.xml:14:2
	android:name
		ADDED from AndroidManifest.xml:14:19
uses-permission#android.permission.ACCESS_NETWORK_STATE
ADDED from AndroidManifest.xml:15:2
	android:name
		ADDED from AndroidManifest.xml:15:19
application
ADDED from AndroidManifest.xml:17:5
MERGED from com.android.support:appcompat-v7:19.1.0:19:5
	android:label
		ADDED from AndroidManifest.xml:20:9
	android:allowBackup
		ADDED from AndroidManifest.xml:18:9
	android:icon
		ADDED from AndroidManifest.xml:19:9
	android:theme
		ADDED from AndroidManifest.xml:21:9
activity#com.group.RedPanda.FinalProject.MainActivity
ADDED from AndroidManifest.xml:23:9
	android:label
		ADDED from AndroidManifest.xml:25:13
	android:name
		ADDED from AndroidManifest.xml:24:13
intent-filter#android.intent.action.MAIN+android.intent.category.LAUNCHER
ADDED from AndroidManifest.xml:26:13
action#android.intent.action.MAIN
ADDED from AndroidManifest.xml:27:17
	android:name
		ADDED from AndroidManifest.xml:27:25
category#android.intent.category.LAUNCHER
ADDED from AndroidManifest.xml:29:17
	android:name
		ADDED from AndroidManifest.xml:29:27
activity#com.group.RedPanda.FinalProject.MainScreen
ADDED from AndroidManifest.xml:32:9
	android:label
		ADDED from AndroidManifest.xml:34:13
	android:name
		ADDED from AndroidManifest.xml:33:13
activity#com.group.RedPanda.FinalProject.AddMainTask
ADDED from AndroidManifest.xml:36:9
	android:windowSoftInputMode
		ADDED from AndroidManifest.xml:40:13
	android:label
		ADDED from AndroidManifest.xml:38:13
	android:parentActivityName
		ADDED from AndroidManifest.xml:39:13
	android:name
		ADDED from AndroidManifest.xml:37:13
meta-data#android.support.PARENT_ACTIVITY
ADDED from AndroidManifest.xml:41:13
	android:name
		ADDED from AndroidManifest.xml:41:24
	android:value
		ADDED from AndroidManifest.xml:42:7
activity#com.group.RedPanda.FinalProject.SubScreen
ADDED from AndroidManifest.xml:45:9
	android:windowSoftInputMode
		ADDED from AndroidManifest.xml:48:14
	android:parentActivityName
		ADDED from AndroidManifest.xml:47:14
	android:name
		ADDED from AndroidManifest.xml:46:13
activity#com.group.RedPanda.FinalProject.RegisterActivity
ADDED from AndroidManifest.xml:56:9
	android:windowSoftInputMode
		ADDED from AndroidManifest.xml:58:14
	android:name
		ADDED from AndroidManifest.xml:57:13
activity#com.group.RedPanda.FinalProject.AddSubTask
ADDED from AndroidManifest.xml:61:9
	android:windowSoftInputMode
		ADDED from AndroidManifest.xml:63:13
	android:name
		ADDED from AndroidManifest.xml:62:13
activity#com.group.RedPanda.FinalProject.SettingsActivity
ADDED from AndroidManifest.xml:66:9
	android:label
		ADDED from AndroidManifest.xml:69:12
	android:parentActivityName
		ADDED from AndroidManifest.xml:68:14
	android:name
		ADDED from AndroidManifest.xml:67:13
activity#com.group.RedPanda.FinalProject.Account
ADDED from AndroidManifest.xml:77:9
	android:label
		ADDED from AndroidManifest.xml:80:12
	android:parentActivityName
		ADDED from AndroidManifest.xml:79:13
	android:name
		ADDED from AndroidManifest.xml:78:13
activity#com.group.RedPanda.FinalProject.RequestActivity
ADDED from AndroidManifest.xml:85:9
	android:label
		ADDED from AndroidManifest.xml:87:13
	android:parentActivityName
		ADDED from AndroidManifest.xml:88:13
	android:name
		ADDED from AndroidManifest.xml:86:13
activity#com.group.RedPanda.FinalProject.DoOnlineActivity
ADDED from AndroidManifest.xml:93:12
	android:windowSoftInputMode
		ADDED from AndroidManifest.xml:96:14
	android:label
		ADDED from AndroidManifest.xml:95:13
	android:name
		ADDED from AndroidManifest.xml:94:13
activity#com.group.RedPanda.FinalProject.AboutActivity
ADDED from AndroidManifest.xml:101:12
	android:label
		ADDED from AndroidManifest.xml:103:16
	android:parentActivityName
		ADDED from AndroidManifest.xml:104:16
	android:name
		ADDED from AndroidManifest.xml:102:16
activity#com.group.RedPanda.FinalProject.EditMainTask
ADDED from AndroidManifest.xml:109:12
	android:windowSoftInputMode
		ADDED from AndroidManifest.xml:112:17
	android:name
		ADDED from AndroidManifest.xml:110:16
activity#com.group.RedPanda.FinalProject.ShowRequests
ADDED from AndroidManifest.xml:125:12
	android:windowSoftInputMode
		ADDED from AndroidManifest.xml:127:17
	android:name
		ADDED from AndroidManifest.xml:126:16
receiver#com.group.RedPanda.FinalProject.NotifyCycleChange
ADDED from AndroidManifest.xml:130:12
	android:name
		ADDED from AndroidManifest.xml:130:22
receiver#com.group.RedPanda.FinalProject.NotifyEndChange
ADDED from AndroidManifest.xml:131:12
	android:name
		ADDED from AndroidManifest.xml:131:22